<?xml version="1.0" encoding="UTF-8"?>
<testsuite name="by.leshkevich.utils.StringUtilsTest" tests="1" skipped="0" failures="0" errors="0" timestamp="2023-10-17T15:45:34" hostname="DESKTOP-52LMM1K" time="0.029">
  <properties/>
  <testcase name="isPositiveNumber()" classname="by.leshkevich.utils.StringUtilsTest" time="0.029"/>
  <system-out><![CDATA[]]></system-out>
  <system-err><![CDATA[]]></system-err>
</testsuite>
