<?xml version="1.0" encoding="UTF-8"?>
<testsuite name="by.leshkevich.utils.UtilsTest" tests="1" skipped="0" failures="0" errors="0" timestamp="2023-10-17T15:54:55" hostname="DESKTOP-52LMM1K" time="0.026">
  <properties/>
  <testcase name="isNotAllPositiveNumbers()" classname="by.leshkevich.utils.UtilsTest" time="0.026"/>
  <system-out><![CDATA[]]></system-out>
  <system-err><![CDATA[]]></system-err>
</testsuite>
